<?xml version="1.0" encoding="UTF-8"?>
<!-- Generated by org.testng.reporters.JUnitReportReporter -->
<testsuite skipped="0" hostname="PG01HW40" name="BDD.VenuetizeDemo.SampleDeleteTest" tests="1" failures="0" timestamp="29 Mar 2020 19:01:40 GMT" time="0.965" errors="0">
  <testcase name="DeleteRecords" time="0.965" classname="BDD.VenuetizeDemo.SampleDeleteTest"/>
</testsuite> <!-- BDD.VenuetizeDemo.SampleDeleteTest -->
