<?xml version="1.0" encoding="UTF-8"?>
<!-- Generated by org.testng.reporters.JUnitReportReporter -->
<testsuite skipped="0" hostname="PG01HW40" name="BDD.VenuetizeDemo.SamplePostTest" tests="1" failures="0" timestamp="29 Mar 2020 19:01:40 GMT" time="0.998" errors="0">
  <testcase name="RegistrationSuccessful" time="0.998" classname="BDD.VenuetizeDemo.SamplePostTest"/>
</testsuite> <!-- BDD.VenuetizeDemo.SamplePostTest -->
