<?xml version="1.0" encoding="UTF-8"?>
<!-- Generated by org.testng.reporters.JUnitReportReporter -->
<testsuite skipped="0" hostname="satishs-MacBook-Pro.local" name="BDD.VenuetizeDemo.CompleteOrder" tests="6" failures="0" timestamp="18 Sep 2020 04:55:19 GMT" time="24.805" errors="0">
  <testcase name="getTokenDetails" time="5.106" classname="BDD.VenuetizeDemo.CompleteOrder"/>
  <testcase name="getVendorProducts" time="0.522" classname="BDD.VenuetizeDemo.CompleteOrder"/>
  <testcase name="createCart" time="1.064" classname="BDD.VenuetizeDemo.CompleteOrder"/>
  <testcase name="fetchUserWallet" time="3.107" classname="BDD.VenuetizeDemo.CompleteOrder"/>
  <testcase name="checkoutInfo" time="4.973" classname="BDD.VenuetizeDemo.CompleteOrder"/>
  <testcase name="placeOrderV2" time="10.033" classname="BDD.VenuetizeDemo.CompleteOrder"/>
</testsuite> <!-- BDD.VenuetizeDemo.CompleteOrder -->
