<?xml version="1.0" encoding="UTF-8"?>
<!-- Generated by org.testng.reporters.JUnitReportReporter -->
<testsuite skipped="0" hostname="PG01HW40" name="BDD.VenuetizeDemo.SamplePutTest" tests="1" failures="0" timestamp="29 Mar 2020 19:01:40 GMT" time="1.013" errors="0">
  <testcase name="UpdateRecords" time="1.013" classname="BDD.VenuetizeDemo.SamplePutTest"/>
</testsuite> <!-- BDD.VenuetizeDemo.SamplePutTest -->
