<?xml version="1.0" encoding="UTF-8"?>
<!-- Generated by org.testng.reporters.JUnitReportReporter -->
<testsuite skipped="0" hostname="satishs-MacBook-Pro.local" name="BDD.VenuetizeDemo.InitiateCallTest" tests="6" failures="0" timestamp="20 Jul 2020 06:15:06 GMT" time="16.832" errors="0">
  <testcase name="getTokenDetails" time="5.273" classname="BDD.VenuetizeDemo.InitiateCallTest"/>
  <testcase name="getVendorProducts" time="0.413" classname="BDD.VenuetizeDemo.InitiateCallTest"/>
  <testcase name="createCart" time="0.930" classname="BDD.VenuetizeDemo.InitiateCallTest"/>
  <testcase name="fetchUserWallet" time="1.544" classname="BDD.VenuetizeDemo.InitiateCallTest"/>
  <testcase name="checkoutInfo" time="2.142" classname="BDD.VenuetizeDemo.InitiateCallTest"/>
  <testcase name="placeOrderV2" time="6.530" classname="BDD.VenuetizeDemo.InitiateCallTest"/>
</testsuite> <!-- BDD.VenuetizeDemo.InitiateCallTest -->
