<?xml version="1.0" encoding="UTF-8"?>
<!-- Generated by org.testng.reporters.JUnitReportReporter -->
<testsuite skipped="0" hostname="PG01HW40" name="BDD.VenuetizeDemo.SampleGetTest" tests="2" failures="0" timestamp="29 Mar 2020 19:01:40 GMT" time="2.246" errors="0">
  <testcase name="GetEmployeeDetail" time="2.125" classname="BDD.VenuetizeDemo.SampleGetTest"/>
  <testcase name="GetEmployeeDetails" time="0.121" classname="BDD.VenuetizeDemo.SampleGetTest"/>
</testsuite> <!-- BDD.VenuetizeDemo.SampleGetTest -->
